2014-09-08 10:19:31.497 flink[27142:70b] Multi-tasking -> Device: YES, App: YES
2014-09-08 10:19:31.506 flink[27142:70b] Unlimited access to network resources
2014-09-08 10:19:31.510 flink[27142:70b] 

Started backup to iCloud! Please be careful.
Your application might rejected by Apple if you store too much data.
For more information please read "iOS Data Storage Guidelines"
You could find it at the following address https://developer.apple.com/icloud/documentation/data-storage/ .

2014-09-08 10:19:31.628 flink[27142:70b] Resetting plugins due to page load.
2014-09-08 10:19:31.720 flink[27142:70b] Finished load of: file:///Users/bcouchman/Library/Application%20Support/iPhone%20Simulator/7.1/Applications/80BC015F-E68B-41BC-BE3C-A361AAE2ADB8/flink.app/www/index.html
2014-09-09 21:07:43.084 flink[6946:70b] Multi-tasking -> Device: YES, App: YES
2014-09-09 21:07:43.093 flink[6946:70b] Unlimited access to network resources
2014-09-09 21:07:43.097 flink[6946:70b] 

Started backup to iCloud! Please be careful.
Your application might rejected by Apple if you store too much data.
For more information please read "iOS Data Storage Guidelines"
You could find it at the following address https://developer.apple.com/icloud/documentation/data-storage/ .

2014-09-09 21:07:43.197 flink[6946:70b] Resetting plugins due to page load.
2014-09-09 21:07:43.299 flink[6946:70b] Finished load of: file:///Users/bcouchman/Library/Application%20Support/iPhone%20Simulator/7.1/Applications/80BC015F-E68B-41BC-BE3C-A361AAE2ADB8/flink.app/www/index.html
2014-09-11 00:56:41.460 flink[23490:70b] Multi-tasking -> Device: YES, App: YES
2014-09-11 00:56:41.481 flink[23490:70b] Unlimited access to network resources
2014-09-11 00:56:41.484 flink[23490:70b] 

Started backup to iCloud! Please be careful.
Your application might rejected by Apple if you store too much data.
For more information please read "iOS Data Storage Guidelines"
You could find it at the following address https://developer.apple.com/icloud/documentation/data-storage/ .

2014-09-11 00:56:41.775 flink[23490:70b] Resetting plugins due to page load.
2014-09-11 00:56:41.875 flink[23490:70b] Finished load of: file:///Users/bcouchman/Library/Application%20Support/iPhone%20Simulator/7.1/Applications/80BC015F-E68B-41BC-BE3C-A361AAE2ADB8/flink.app/www/index.html
2014-09-11 01:00:02.859 flink[23813:70b] Multi-tasking -> Device: YES, App: YES
2014-09-11 01:00:02.865 flink[23813:70b] Unlimited access to network resources
2014-09-11 01:00:02.868 flink[23813:70b] 

Started backup to iCloud! Please be careful.
Your application might rejected by Apple if you store too much data.
For more information please read "iOS Data Storage Guidelines"
You could find it at the following address https://developer.apple.com/icloud/documentation/data-storage/ .

2014-09-11 01:00:02.910 flink[23813:70b] Resetting plugins due to page load.
2014-09-11 01:00:02.963 flink[23813:70b] Finished load of: file:///Users/bcouchman/Library/Application%20Support/iPhone%20Simulator/7.1/Applications/80BC015F-E68B-41BC-BE3C-A361AAE2ADB8/flink.app/www/index.html
2014-09-11 01:01:42.769 flink[24142:70b] Multi-tasking -> Device: YES, App: YES
2014-09-11 01:01:42.776 flink[24142:70b] Unlimited access to network resources
2014-09-11 01:01:42.778 flink[24142:70b] 

Started backup to iCloud! Please be careful.
Your application might rejected by Apple if you store too much data.
For more information please read "iOS Data Storage Guidelines"
You could find it at the following address https://developer.apple.com/icloud/documentation/data-storage/ .

2014-09-11 01:01:42.893 flink[24142:70b] Resetting plugins due to page load.
2014-09-11 01:01:42.952 flink[24142:70b] Finished load of: file:///Users/bcouchman/Library/Application%20Support/iPhone%20Simulator/7.1/Applications/80BC015F-E68B-41BC-BE3C-A361AAE2ADB8/flink.app/www/index.html
2014-09-11 01:02:48.707 flink[24467:70b] Multi-tasking -> Device: YES, App: YES
2014-09-11 01:02:48.722 flink[24467:70b] Unlimited access to network resources
2014-09-11 01:02:48.727 flink[24467:70b] 

Started backup to iCloud! Please be careful.
Your application might rejected by Apple if you store too much data.
For more information please read "iOS Data Storage Guidelines"
You could find it at the following address https://developer.apple.com/icloud/documentation/data-storage/ .

2014-09-11 01:02:48.849 flink[24467:70b] Resetting plugins due to page load.
2014-09-11 01:02:48.921 flink[24467:70b] Finished load of: file:///Users/bcouchman/Library/Application%20Support/iPhone%20Simulator/7.1/Applications/80BC015F-E68B-41BC-BE3C-A361AAE2ADB8/flink.app/www/index.html
2014-09-11 10:09:59.431 flink[27495:70b] Multi-tasking -> Device: YES, App: YES
2014-09-11 10:09:59.439 flink[27495:70b] Unlimited access to network resources
2014-09-11 10:09:59.442 flink[27495:70b] 

Started backup to iCloud! Please be careful.
Your application might rejected by Apple if you store too much data.
For more information please read "iOS Data Storage Guidelines"
You could find it at the following address https://developer.apple.com/icloud/documentation/data-storage/ .

2014-09-11 10:09:59.689 flink[27495:70b] Resetting plugins due to page load.
2014-09-11 10:09:59.881 flink[27495:70b] Finished load of: file:///Users/bcouchman/Library/Application%20Support/iPhone%20Simulator/7.1/Applications/80BC015F-E68B-41BC-BE3C-A361AAE2ADB8/flink.app/www/index.html#/
2014-09-11 10:11:48.473 flink[28565:70b] Multi-tasking -> Device: YES, App: YES
2014-09-11 10:11:48.480 flink[28565:70b] Unlimited access to network resources
2014-09-11 10:11:48.483 flink[28565:70b] 

Started backup to iCloud! Please be careful.
Your application might rejected by Apple if you store too much data.
For more information please read "iOS Data Storage Guidelines"
You could find it at the following address https://developer.apple.com/icloud/documentation/data-storage/ .

2014-09-11 10:11:48.626 flink[28565:70b] Resetting plugins due to page load.
2014-09-11 10:11:48.757 flink[28565:70b] Finished load of: file:///Users/bcouchman/Library/Application%20Support/iPhone%20Simulator/7.1/Applications/80BC015F-E68B-41BC-BE3C-A361AAE2ADB8/flink.app/www/index.html#/
Terminating in response to SpringBoard's termination.
2014-09-11 10:14:05.412 flink[29644:70b] Multi-tasking -> Device: YES, App: YES
2014-09-11 10:14:05.421 flink[29644:70b] Unlimited access to network resources
2014-09-11 10:14:05.423 flink[29644:70b] 

Started backup to iCloud! Please be careful.
Your application might rejected by Apple if you store too much data.
For more information please read "iOS Data Storage Guidelines"
You could find it at the following address https://developer.apple.com/icloud/documentation/data-storage/ .

2014-09-11 10:14:05.547 flink[29644:70b] Resetting plugins due to page load.
2014-09-11 10:14:05.681 flink[29644:70b] Finished load of: file:///Users/bcouchman/Library/Application%20Support/iPhone%20Simulator/7.1/Applications/80BC015F-E68B-41BC-BE3C-A361AAE2ADB8/flink.app/www/index.html#/
Terminating in response to SpringBoard's termination.
2014-09-11 21:36:12.301 flink[36911:70b] Multi-tasking -> Device: YES, App: YES
2014-09-11 21:36:12.325 flink[36911:70b] Unlimited access to network resources
2014-09-11 21:36:12.328 flink[36911:70b] 

Started backup to iCloud! Please be careful.
Your application might rejected by Apple if you store too much data.
For more information please read "iOS Data Storage Guidelines"
You could find it at the following address https://developer.apple.com/icloud/documentation/data-storage/ .

2014-09-11 21:36:12.672 flink[36911:70b] Resetting plugins due to page load.
2014-09-11 21:36:12.944 flink[36911:70b] Finished load of: file:///Users/bcouchman/Library/Application%20Support/iPhone%20Simulator/7.1/Applications/80BC015F-E68B-41BC-BE3C-A361AAE2ADB8/flink.app/www/index.html#/
2014-09-11 21:45:04.674 flink[38103:70b] Multi-tasking -> Device: YES, App: YES
2014-09-11 21:45:04.680 flink[38103:70b] Unlimited access to network resources
2014-09-11 21:45:04.683 flink[38103:70b] 

Started backup to iCloud! Please be careful.
Your application might rejected by Apple if you store too much data.
For more information please read "iOS Data Storage Guidelines"
You could find it at the following address https://developer.apple.com/icloud/documentation/data-storage/ .

2014-09-11 21:45:04.726 flink[38103:70b] Resetting plugins due to page load.
2014-09-11 21:45:04.812 flink[38103:70b] Finished load of: file:///Users/bcouchman/Library/Application%20Support/iPhone%20Simulator/7.1/Applications/80BC015F-E68B-41BC-BE3C-A361AAE2ADB8/flink.app/www/index.html#/
Terminating in response to SpringBoard's termination.
2014-09-11 22:01:22.583 flink[39306:70b] Multi-tasking -> Device: YES, App: YES
2014-09-11 22:01:22.621 flink[39306:70b] Unlimited access to network resources
2014-09-11 22:01:22.623 flink[39306:70b] 

Started backup to iCloud! Please be careful.
Your application might rejected by Apple if you store too much data.
For more information please read "iOS Data Storage Guidelines"
You could find it at the following address https://developer.apple.com/icloud/documentation/data-storage/ .

2014-09-11 22:01:22.681 flink[39306:70b] Resetting plugins due to page load.
2014-09-11 22:01:22.817 flink[39306:70b] Finished load of: file:///Users/bcouchman/Library/Application%20Support/iPhone%20Simulator/7.1/Applications/80BC015F-E68B-41BC-BE3C-A361AAE2ADB8/flink.app/www/index.html#/
2014-09-11 22:36:26.723 flink[40848:70b] Multi-tasking -> Device: YES, App: YES
2014-09-11 22:36:26.745 flink[40848:70b] Unlimited access to network resources
2014-09-11 22:36:26.752 flink[40848:70b] 

Started backup to iCloud! Please be careful.
Your application might rejected by Apple if you store too much data.
For more information please read "iOS Data Storage Guidelines"
You could find it at the following address https://developer.apple.com/icloud/documentation/data-storage/ .

2014-09-11 22:36:26.962 flink[40848:70b] Resetting plugins due to page load.
2014-09-11 22:36:27.189 flink[40848:70b] Finished load of: file:///Users/bcouchman/Library/Application%20Support/iPhone%20Simulator/7.1/Applications/80BC015F-E68B-41BC-BE3C-A361AAE2ADB8/flink.app/www/index.html#/
2014-09-11 22:52:40.133 flink[42059:70b] Multi-tasking -> Device: YES, App: YES
2014-09-11 22:52:40.140 flink[42059:70b] Unlimited access to network resources
2014-09-11 22:52:40.142 flink[42059:70b] 

Started backup to iCloud! Please be careful.
Your application might rejected by Apple if you store too much data.
For more information please read "iOS Data Storage Guidelines"
You could find it at the following address https://developer.apple.com/icloud/documentation/data-storage/ .

2014-09-11 22:52:40.202 flink[42059:70b] Resetting plugins due to page load.
2014-09-11 22:52:40.303 flink[42059:70b] Finished load of: file:///Users/bcouchman/Library/Application%20Support/iPhone%20Simulator/7.1/Applications/80BC015F-E68B-41BC-BE3C-A361AAE2ADB8/flink.app/www/index.html#/
2014-09-11 23:07:16.821 flink[43331:70b] Multi-tasking -> Device: YES, App: YES
2014-09-11 23:07:16.830 flink[43331:70b] Unlimited access to network resources
2014-09-11 23:07:16.833 flink[43331:70b] 

Started backup to iCloud! Please be careful.
Your application might rejected by Apple if you store too much data.
For more information please read "iOS Data Storage Guidelines"
You could find it at the following address https://developer.apple.com/icloud/documentation/data-storage/ .

2014-09-11 23:07:16.908 flink[43331:70b] Resetting plugins due to page load.
2014-09-11 23:07:17.066 flink[43331:70b] Finished load of: file:///Users/bcouchman/Library/Application%20Support/iPhone%20Simulator/7.1/Applications/80BC015F-E68B-41BC-BE3C-A361AAE2ADB8/flink.app/www/index.html#/
2014-09-14 17:10:42.947 flink[59852:70b] Multi-tasking -> Device: YES, App: YES
2014-09-14 17:10:42.956 flink[59852:70b] Unlimited access to network resources
2014-09-14 17:10:42.961 flink[59852:70b] 

Started backup to iCloud! Please be careful.
Your application might rejected by Apple if you store too much data.
For more information please read "iOS Data Storage Guidelines"
You could find it at the following address https://developer.apple.com/icloud/documentation/data-storage/ .

2014-09-14 17:10:43.068 flink[59852:70b] Resetting plugins due to page load.
2014-09-14 17:10:43.336 flink[59852:70b] Finished load of: file:///Users/bcouchman/Library/Application%20Support/iPhone%20Simulator/7.1/Applications/80BC015F-E68B-41BC-BE3C-A361AAE2ADB8/flink.app/www/index.html#/login
2014-09-14 21:36:42.037 flink[5713:70b] Multi-tasking -> Device: YES, App: YES
2014-09-14 21:36:42.046 flink[5713:70b] Unlimited access to network resources
2014-09-14 21:36:42.049 flink[5713:70b] 

Started backup to iCloud! Please be careful.
Your application might rejected by Apple if you store too much data.
For more information please read "iOS Data Storage Guidelines"
You could find it at the following address https://developer.apple.com/icloud/documentation/data-storage/ .

2014-09-14 21:36:42.150 flink[5713:70b] Resetting plugins due to page load.
2014-09-14 21:43:00.141 flink[7452:70b] Multi-tasking -> Device: YES, App: YES
2014-09-14 21:43:00.147 flink[7452:70b] Unlimited access to network resources
2014-09-14 21:43:00.150 flink[7452:70b] 

Started backup to iCloud! Please be careful.
Your application might rejected by Apple if you store too much data.
For more information please read "iOS Data Storage Guidelines"
You could find it at the following address https://developer.apple.com/icloud/documentation/data-storage/ .

2014-09-14 21:43:00.263 flink[7452:70b] Resetting plugins due to page load.
2014-09-14 21:43:00.469 flink[7452:70b] Finished load of: file:///Users/bcouchman/Library/Application%20Support/iPhone%20Simulator/7.1/Applications/80BC015F-E68B-41BC-BE3C-A361AAE2ADB8/flink.app/www/index.html#/login
2014-09-14 21:47:46.889 flink[9177:70b] Multi-tasking -> Device: YES, App: YES
2014-09-14 21:47:46.896 flink[9177:70b] Unlimited access to network resources
2014-09-14 21:47:46.902 flink[9177:70b] 

Started backup to iCloud! Please be careful.
Your application might rejected by Apple if you store too much data.
For more information please read "iOS Data Storage Guidelines"
You could find it at the following address https://developer.apple.com/icloud/documentation/data-storage/ .

2014-09-14 21:47:47.011 flink[9177:70b] Resetting plugins due to page load.
2014-09-14 21:47:47.181 flink[9177:70b] Finished load of: file:///Users/bcouchman/Library/Application%20Support/iPhone%20Simulator/7.1/Applications/80BC015F-E68B-41BC-BE3C-A361AAE2ADB8/flink.app/www/index.html#/login
2014-09-14 21:52:51.911 flink[10950:70b] Multi-tasking -> Device: YES, App: YES
2014-09-14 21:52:51.918 flink[10950:70b] Unlimited access to network resources
2014-09-14 21:52:51.920 flink[10950:70b] 

Started backup to iCloud! Please be careful.
Your application might rejected by Apple if you store too much data.
For more information please read "iOS Data Storage Guidelines"
You could find it at the following address https://developer.apple.com/icloud/documentation/data-storage/ .

2014-09-14 21:52:51.983 flink[10950:70b] Resetting plugins due to page load.
2014-09-14 21:52:52.128 flink[10950:70b] Finished load of: file:///Users/bcouchman/Library/Application%20Support/iPhone%20Simulator/7.1/Applications/80BC015F-E68B-41BC-BE3C-A361AAE2ADB8/flink.app/www/index.html#/login
Terminating in response to SpringBoard's termination.
2014-09-14 21:53:47.647 flink[12628:70b] Multi-tasking -> Device: YES, App: YES
2014-09-14 21:53:47.653 flink[12628:70b] Unlimited access to network resources
2014-09-14 21:53:47.655 flink[12628:70b] 

Started backup to iCloud! Please be careful.
Your application might rejected by Apple if you store too much data.
For more information please read "iOS Data Storage Guidelines"
You could find it at the following address https://developer.apple.com/icloud/documentation/data-storage/ .

2014-09-14 21:53:47.768 flink[12628:70b] Resetting plugins due to page load.
2014-09-14 21:53:47.891 flink[12628:70b] Finished load of: file:///Users/bcouchman/Library/Application%20Support/iPhone%20Simulator/7.1/Applications/80BC015F-E68B-41BC-BE3C-A361AAE2ADB8/flink.app/www/index.html#/login
Terminating in response to SpringBoard's termination.
2014-09-14 21:59:14.536 flink[14359:70b] Multi-tasking -> Device: YES, App: YES
2014-09-14 21:59:14.542 flink[14359:70b] Unlimited access to network resources
2014-09-14 21:59:14.545 flink[14359:70b] 

Started backup to iCloud! Please be careful.
Your application might rejected by Apple if you store too much data.
For more information please read "iOS Data Storage Guidelines"
You could find it at the following address https://developer.apple.com/icloud/documentation/data-storage/ .

2014-09-14 21:59:14.724 flink[14359:70b] Resetting plugins due to page load.
2014-09-14 21:59:14.903 flink[14359:70b] Finished load of: file:///Users/bcouchman/Library/Application%20Support/iPhone%20Simulator/7.1/Applications/80BC015F-E68B-41BC-BE3C-A361AAE2ADB8/flink.app/www/index.html#/login
Terminating in response to SpringBoard's termination.
2014-09-14 22:08:39.659 flink[16181:70b] Multi-tasking -> Device: YES, App: YES
2014-09-14 22:08:39.666 flink[16181:70b] Unlimited access to network resources
2014-09-14 22:08:39.669 flink[16181:70b] 

Started backup to iCloud! Please be careful.
Your application might rejected by Apple if you store too much data.
For more information please read "iOS Data Storage Guidelines"
You could find it at the following address https://developer.apple.com/icloud/documentation/data-storage/ .

2014-09-14 22:08:39.783 flink[16181:70b] Resetting plugins due to page load.
2014-09-14 22:08:39.927 flink[16181:70b] Finished load of: file:///Users/bcouchman/Library/Application%20Support/iPhone%20Simulator/7.1/Applications/80BC015F-E68B-41BC-BE3C-A361AAE2ADB8/flink.app/www/index.html#/login
2014-09-14 22:19:02.620 flink[21351:70b] Multi-tasking -> Device: YES, App: YES
2014-09-14 22:19:02.628 flink[21351:70b] Unlimited access to network resources
2014-09-14 22:19:02.632 flink[21351:70b] 

Started backup to iCloud! Please be careful.
Your application might rejected by Apple if you store too much data.
For more information please read "iOS Data Storage Guidelines"
You could find it at the following address https://developer.apple.com/icloud/documentation/data-storage/ .

2014-09-14 22:19:02.784 flink[21351:70b] Resetting plugins due to page load.
2014-09-14 22:19:02.962 flink[21351:70b] Finished load of: file:///Users/bcouchman/Library/Application%20Support/iPhone%20Simulator/7.1/Applications/80BC015F-E68B-41BC-BE3C-A361AAE2ADB8/flink.app/www/index.html#/login
Terminating in response to SpringBoard's termination.
2014-09-15 09:18:50.870 flink[26314:70b] Multi-tasking -> Device: YES, App: YES
2014-09-15 09:18:50.897 flink[26314:70b] 

Started backup to iCloud! Please be careful.
Your application might rejected by Apple if you store too much data.
For more information please read "iOS Data Storage Guidelines"
You could find it at the following address https://developer.apple.com/icloud/documentation/data-storage/ .

2014-09-15 09:18:51.106 flink[26314:70b] Resetting plugins due to page load.
2014-09-15 09:18:51.399 flink[26314:70b] Finished load of: file:///Users/bcouchman/Library/Application%20Support/iPhone%20Simulator/7.1/Applications/80BC015F-E68B-41BC-BE3C-A361AAE2ADB8/flink.app/www/index.html#/login
